[      91ms] [INFO] %cDownload the React DevTools for a better development experience: https://react.dev/link/react-devtools font-weight:bold @ http://localhost:3000/_next/static/chunks/node_modules_next_dist_115brz8._.js:2431
[     104ms] [LOG] [HMR] connected @ http://localhost:3000/_next/static/chunks/node_modules_next_dist_115brz8._.js:2431
[  314122ms] [LOG] [Fast Refresh] rebuilding @ http://localhost:3000/_next/static/chunks/node_modules_next_dist_115brz8._.js:2431
[  314423ms] [LOG] [Fast Refresh] done in 351ms @ http://localhost:3000/_next/static/chunks/node_modules_next_dist_115brz8._.js:2431
[  314651ms] [INFO] %cDownload the React DevTools for a better development experience: https://react.dev/link/react-devtools font-weight:bold @ http://localhost:3000/_next/static/chunks/node_modules_next_dist_115brz8._.js:2431
[  314662ms] [LOG] [HMR] connected @ http://localhost:3000/_next/static/chunks/node_modules_next_dist_115brz8._.js:2431
[  338623ms] [LOG] [Fast Refresh] rebuilding @ http://localhost:3000/_next/static/chunks/node_modules_next_dist_115brz8._.js:2431
[  338653ms] [LOG] [Fast Refresh] done in 25ms @ http://localhost:3000/_next/static/chunks/node_modules_next_dist_115brz8._.js:2431
[  353934ms] [LOG] [Fast Refresh] rebuilding @ http://localhost:3000/_next/static/chunks/node_modules_next_dist_115brz8._.js:2431
[  353965ms] [LOG] [Fast Refresh] done in 23ms @ http://localhost:3000/_next/static/chunks/node_modules_next_dist_115brz8._.js:2431
[  377231ms] [LOG] [Fast Refresh] rebuilding @ http://localhost:3000/_next/static/chunks/node_modules_next_dist_115brz8._.js:2431
[  377258ms] [LOG] [Fast Refresh] done in 15ms @ http://localhost:3000/_next/static/chunks/node_modules_next_dist_115brz8._.js:2431
[  388030ms] [LOG] [Fast Refresh] rebuilding @ http://localhost:3000/_next/static/chunks/node_modules_next_dist_115brz8._.js:2431
[  388059ms] [LOG] [Fast Refresh] done in 25ms @ http://localhost:3000/_next/static/chunks/node_modules_next_dist_115brz8._.js:2431
[  491509ms] [LOG] [Fast Refresh] rebuilding @ http://localhost:3000/_next/static/chunks/node_modules_next_dist_115brz8._.js:2431
[  491597ms] [LOG] [Fast Refresh] done in 52ms @ http://localhost:3000/_next/static/chunks/node_modules_next_dist_115brz8._.js:2431
[  668318ms] [LOG] [Fast Refresh] rebuilding @ http://localhost:3000/_next/static/chunks/node_modules_next_dist_115brz8._.js:2431
[  668369ms] [LOG] [Fast Refresh] done in 40ms @ http://localhost:3000/_next/static/chunks/node_modules_next_dist_115brz8._.js:2431
[  668500ms] [LOG] [Fast Refresh] rebuilding @ http://localhost:3000/_next/static/chunks/node_modules_next_dist_115brz8._.js:2431
[  668504ms] [LOG] [Fast Refresh] done in 105ms @ http://localhost:3000/_next/static/chunks/node_modules_next_dist_115brz8._.js:2431
[  692635ms] [LOG] [Fast Refresh] rebuilding @ http://localhost:3000/_next/static/chunks/node_modules_next_dist_115brz8._.js:2431
[  692665ms] [LOG] [Fast Refresh] done in 23ms @ http://localhost:3000/_next/static/chunks/node_modules_next_dist_115brz8._.js:2431
[  811657ms] [LOG] [Fast Refresh] rebuilding @ http://localhost:3000/_next/static/chunks/node_modules_next_dist_115brz8._.js:2431
[  811723ms] [LOG] [Fast Refresh] done in 47ms @ http://localhost:3000/_next/static/chunks/node_modules_next_dist_115brz8._.js:2431
[  856206ms] [LOG] [Fast Refresh] rebuilding @ http://localhost:3000/_next/static/chunks/node_modules_next_dist_115brz8._.js:2431
[  856247ms] [LOG] [Fast Refresh] done in 30ms @ http://localhost:3000/_next/static/chunks/node_modules_next_dist_115brz8._.js:2431
[  866926ms] [LOG] [Fast Refresh] rebuilding @ http://localhost:3000/_next/static/chunks/node_modules_next_dist_115brz8._.js:2431
[  866958ms] [LOG] [Fast Refresh] done in 36ms @ http://localhost:3000/_next/static/chunks/node_modules_next_dist_115brz8._.js:2431
[  875433ms] [LOG] [Fast Refresh] rebuilding @ http://localhost:3000/_next/static/chunks/node_modules_next_dist_115brz8._.js:2431
[  875476ms] [ERROR] ./app/v1/page.tsx:4:1
Module not found: Can't resolve '@/components/variants/v1/MatrixRain'
  2 |
  3 | import { useState } from 'react';
> 4 | import MatrixRain from '@/components/variants/v1/MatrixRain';
    | ^^^^^^^^^^^^^^^^^^^^^^^^^^^^^^^^^^^^^^^^^^^^^^^^^^^^^^^^^^^^^
  5 | import Typewriter from '@/components/variants/v1/Typewriter';
  6 | import SideNavigation from '@/components/shared/SideNavigation';
  7 |

Import map: aliased to relative './components/variants/v1/MatrixRain' inside of [project]/

Import traces:
  Client Component Browser:
    ./app/v1/page.tsx [Client Component Browser]
    ./app/v1/page.tsx [Server Component]

  Client Component SSR:
    ./app/v1/page.tsx [Client Component SSR]
    ./app/v1/page.tsx [Server Component]

https://nextjs.org/docs/messages/module-not-found @ http://localhost:3000/_next/static/chunks/node_modules_next_dist_115brz8._.js:3272
[  875578ms] [LOG] [Fast Refresh] rebuilding @ http://localhost:3000/_next/static/chunks/node_modules_next_dist_115brz8._.js:2431
[  876154ms] [ERROR] Failed to load resource: the server responded with a status of 500 (Internal Server Error) @ http://localhost:3000/v1?_rsc=ahlif:0
[  876154ms] [ERROR] Failed to load resource: the server responded with a status of 500 (Internal Server Error) @ http://localhost:3000/v1?_rsc=ahlif:0
[  876155ms] [ERROR] ./app/v1/page.tsx:4:1
Module not found: Can't resolve '@/components/variants/v1/MatrixRain'
  2 |
  3 | import { useState } from 'react';
> 4 | import MatrixRain from '@/components/variants/v1/MatrixRain';
    | ^^^^^^^^^^^^^^^^^^^^^^^^^^^^^^^^^^^^^^^^^^^^^^^^^^^^^^^^^^^^^
  5 | import Typewriter from '@/components/variants/v1/Typewriter';
  6 | import SideNavigation from '@/components/shared/SideNavigation';
  7 |

Import map: aliased to relative './components/variants/v1/MatrixRain' inside of [project]/

Import traces:
  Client Component Browser:
    ./app/v1/page.tsx [Client Component Browser]
    ./app/v1/page.tsx [Server Component]

  Client Component SSR:
    ./app/v1/page.tsx [Client Component SSR]
    ./app/v1/page.tsx [Server Component]

https://nextjs.org/docs/messages/module-not-found @ http://localhost:3000/_next/static/chunks/node_modules_next_dist_115brz8._.js:3272
[  876156ms] [ERROR] ./app/v1/page.tsx:4:1
Module not found: Can't resolve '@/components/variants/v1/MatrixRain'
  2 |
  3 | import { useState } from 'react';
> 4 | import MatrixRain from '@/components/variants/v1/MatrixRain';
    | ^^^^^^^^^^^^^^^^^^^^^^^^^^^^^^^^^^^^^^^^^^^^^^^^^^^^^^^^^^^^^
  5 | import Typewriter from '@/components/variants/v1/Typewriter';
  6 | import SideNavigation from '@/components/shared/SideNavigation';
  7 |

Import map: aliased to relative './components/variants/v1/MatrixRain' inside of [project]/

Import traces:
  Client Component Browser:
    ./app/v1/page.tsx [Client Component Browser]
    ./app/v1/page.tsx [Server Component]

  Client Component SSR:
    ./app/v1/page.tsx [Client Component SSR]
    ./app/v1/page.tsx [Server Component]

https://nextjs.org/docs/messages/module-not-found @ http://localhost:3000/_next/static/chunks/node_modules_next_dist_115brz8._.js:3272
[  876156ms] [ERROR] ./app/v1/page.tsx:4:1
Module not found: Can't resolve '@/components/variants/v1/MatrixRain'
  2 |
  3 | import { useState } from 'react';
> 4 | import MatrixRain from '@/components/variants/v1/MatrixRain';
    | ^^^^^^^^^^^^^^^^^^^^^^^^^^^^^^^^^^^^^^^^^^^^^^^^^^^^^^^^^^^^^
  5 | import Typewriter from '@/components/variants/v1/Typewriter';
  6 | import SideNavigation from '@/components/shared/SideNavigation';
  7 |

Import map: aliased to relative './components/variants/v1/MatrixRain' inside of [project]/

Import traces:
  Client Component Browser:
    ./app/v1/page.tsx [Client Component Browser]
    ./app/v1/page.tsx [Server Component]

  Client Component SSR:
    ./app/v1/page.tsx [Client Component SSR]
    ./app/v1/page.tsx [Server Component]

https://nextjs.org/docs/messages/module-not-found @ http://localhost:3000/_next/static/chunks/node_modules_next_dist_115brz8._.js:3272
[  876156ms] [ERROR] ./app/v1/page.tsx:4:1
Module not found: Can't resolve '@/components/variants/v1/MatrixRain'
  2 |
  3 | import { useState } from 'react';
> 4 | import MatrixRain from '@/components/variants/v1/MatrixRain';
    | ^^^^^^^^^^^^^^^^^^^^^^^^^^^^^^^^^^^^^^^^^^^^^^^^^^^^^^^^^^^^^
  5 | import Typewriter from '@/components/variants/v1/Typewriter';
  6 | import SideNavigation from '@/components/shared/SideNavigation';
  7 |

Import map: aliased to relative './components/variants/v1/MatrixRain' inside of [project]/

Import traces:
  Client Component Browser:
    ./app/v1/page.tsx [Client Component Browser]
    ./app/v1/page.tsx [Server Component]

  Client Component SSR:
    ./app/v1/page.tsx [Client Component SSR]
    ./app/v1/page.tsx [Server Component]

https://nextjs.org/docs/messages/module-not-found @ http://localhost:3000/_next/static/chunks/node_modules_next_dist_115brz8._.js:3272
[  876180ms] [ERROR] Failed to load resource: the server responded with a status of 500 (Internal Server Error) @ http://localhost:3000/v1:0
[  876227ms] [INFO] %cDownload the React DevTools for a better development experience: https://react.dev/link/react-devtools font-weight:bold @ http://localhost:3000/_next/static/chunks/node_modules_react-dom_0bruynb._.js:15305
[  876257ms] Error: ./app/v1/page.tsx:4:1
Module not found: Can't resolve '@/components/variants/v1/MatrixRain'
  2 |
  3 | import { useState } from 'react';
> 4 | import MatrixRain from '@/components/variants/v1/MatrixRain';
    | ^^^^^^^^^^^^^^^^^^^^^^^^^^^^^^^^^^^^^^^^^^^^^^^^^^^^^^^^^^^^^
  5 | import Typewriter from '@/components/variants/v1/Typewriter';
  6 | import SideNavigation from '@/components/shared/SideNavigation';
  7 |

Import map: aliased to relative './components/variants/v1/MatrixRain' inside of [project]/


Import traces:
  Client Component Browser:
    ./app/v1/page.tsx [Client Component Browser]
    ./app/v1/page.tsx [Server Component]

  Client Component SSR:
    ./app/v1/page.tsx [Client Component SSR]
    ./app/v1/page.tsx [Server Component]

https://nextjs.org/docs/messages/module-not-found


    at <unknown> (Error: ./app/v1/page.tsx:4:1)
    at <unknown> (https://nextjs.org/docs/messages/module-not-found)
    at Object.getCompilationErrors (file:///Users/kirill/merry/jopa/node_modules/next/dist/server/dev/hot-reloader-turbopack.js:1186:59)
    at DevBundlerService.getCompilationError (file:///Users/kirill/merry/jopa/node_modules/next/dist/server/lib/dev-bundler-service.js:44:55)
    at DevServer.getCompilationError (file:///Users/kirill/merry/jopa/node_modules/next/dist/server/dev/next-dev-server.js:719:42)
    at DevServer.findPageComponents (file:///Users/kirill/merry/jopa/node_modules/next/dist/server/dev/next-dev-server.js:689:43)
    at async DevServer.renderErrorToResponseImpl (file:///Users/kirill/merry/jopa/node_modules/next/dist/server/base-server.js:1745:26)
[  876258ms] [LOG] [HMR] connected @ http://localhost:3000/_next/static/chunks/node_modules_next_dist_0u_w_5s._.js:1226
[  876260ms] [ERROR] ./app/v1/page.tsx:4:1
Module not found: Can't resolve '@/components/variants/v1/MatrixRain'
  2 |
  3 | import { useState } from 'react';
> 4 | import MatrixRain from '@/components/variants/v1/MatrixRain';
    | ^^^^^^^^^^^^^^^^^^^^^^^^^^^^^^^^^^^^^^^^^^^^^^^^^^^^^^^^^^^^^
  5 | import Typewriter from '@/components/variants/v1/Typewriter';
  6 | import SideNavigation from '@/components/shared/SideNavigation';
  7 |

Import map: aliased to relative './components/variants/v1/MatrixRain' inside of [project]/

Import traces:
  Client Component Browser:
    ./app/v1/page.tsx [Client Component Browser]
    ./app/v1/page.tsx [Server Component]

  Client Component SSR:
    ./app/v1/page.tsx [Client Component SSR]
    ./app/v1/page.tsx [Server Component]

https://nextjs.org/docs/messages/module-not-found @ http://localhost:3000/_next/static/chunks/node_modules_next_dist_0u_w_5s._.js:1945
[  876306ms] [ERROR] ./app/v1/page.tsx:4:1
Module not found: Can't resolve '@/components/variants/v1/MatrixRain'
  2 |
  3 | import { useState } from 'react';
> 4 | import MatrixRain from '@/components/variants/v1/MatrixRain';
    | ^^^^^^^^^^^^^^^^^^^^^^^^^^^^^^^^^^^^^^^^^^^^^^^^^^^^^^^^^^^^^
  5 | import Typewriter from '@/components/variants/v1/Typewriter';
  6 | import SideNavigation from '@/components/shared/SideNavigation';
  7 |

Import map: aliased to relative './components/variants/v1/MatrixRain' inside of [project]/

Import traces:
  Client Component Browser:
    ./app/v1/page.tsx [Client Component Browser]
    ./app/v1/page.tsx [Server Component]

  Client Component SSR:
    ./app/v1/page.tsx [Client Component SSR]
    ./app/v1/page.tsx [Server Component]

https://nextjs.org/docs/messages/module-not-found @ http://localhost:3000/_next/static/chunks/node_modules_next_dist_0u_w_5s._.js:1945
[  876362ms] [LOG] [Fast Refresh] rebuilding @ http://localhost:3000/_next/static/chunks/node_modules_next_dist_0u_w_5s._.js:1226
[  892616ms] [LOG] [Fast Refresh] rebuilding @ http://localhost:3000/_next/static/chunks/node_modules_next_dist_0u_w_5s._.js:1226
[  892680ms] [LOG] [Fast Refresh] done in 20ms @ http://localhost:3000/_next/static/chunks/node_modules_next_dist_0u_w_5s._.js:1226
[  892821ms] [INFO] %cDownload the React DevTools for a better development experience: https://react.dev/link/react-devtools font-weight:bold @ http://localhost:3000/_next/static/chunks/node_modules_next_dist_115brz8._.js:2431
[  892830ms] [LOG] [HMR] connected @ http://localhost:3000/_next/static/chunks/node_modules_next_dist_115brz8._.js:2431
[  914963ms] [LOG] [Fast Refresh] rebuilding @ http://localhost:3000/_next/static/chunks/node_modules_next_dist_115brz8._.js:2431
[  915066ms] [LOG] [Fast Refresh] done in 63ms @ http://localhost:3000/_next/static/chunks/node_modules_next_dist_115brz8._.js:2431
[  915275ms] [INFO] %cDownload the React DevTools for a better development experience: https://react.dev/link/react-devtools font-weight:bold @ http://localhost:3000/_next/static/chunks/node_modules_next_dist_115brz8._.js:2431
[  915286ms] [LOG] [HMR] connected @ http://localhost:3000/_next/static/chunks/node_modules_next_dist_115brz8._.js:2431
[  930784ms] [ERROR] WebSocket connection to 'ws://localhost:3000/_next/webpack-hmr?id=WoPMeb1LiqRVlYeOMZBxy' failed: Error in connection establishment: net::ERR_CONNECTION_REFUSED @ http://localhost:3000/_next/static/chunks/node_modules_next_dist_client_0fhqo1d._.js:13299
[  931792ms] [LOG] [HMR] connected @ http://localhost:3000/_next/static/chunks/node_modules_next_dist_115brz8._.js:2431
[  932020ms] [INFO] %cDownload the React DevTools for a better development experience: https://react.dev/link/react-devtools font-weight:bold @ http://localhost:3000/_next/static/chunks/node_modules_next_dist_115brz8._.js:2431
[  932030ms] [LOG] [HMR] connected @ http://localhost:3000/_next/static/chunks/node_modules_next_dist_115brz8._.js:2431
